<?xml version="1.0" encoding="UTF-8"?>
<!-- Generated by org.testng.reporters.JUnitXMLReporter -->
<testsuite hostname="OPDDS-DV-PC03" ignored="0" name="Login" tests="22" failures="0" timestamp="26 Jul 2017 18:17:17 GMT" time="498.174" errors="0">
  <testcase name="verifyPatientBirthDate" time="8.008" classname="com.denticon.automationSQA.patient.SearchPatient"/>
  <testcase name="verifyPatientCellPhone" time="16.538" classname="com.denticon.automationSQA.patient.SearchPatient"/>
  <testcase name="verifyPatientChartNo" time="14.228" classname="com.denticon.automationSQA.patient.SearchPatient"/>
  <testcase name="verifyPatientEmail" time="5.516" classname="com.denticon.automationSQA.patient.SearchPatient"/>
  <testcase name="verifyPatientFirstNamePage" time="5.712" classname="com.denticon.automationSQA.patient.SearchPatient"/>
  <testcase name="verifyPatientHomePhone" time="15.578" classname="com.denticon.automationSQA.patient.SearchPatient"/>
  <testcase name="verifyPatientID" time="16.174" classname="com.denticon.automationSQA.patient.SearchPatient"/>
  <testcase name="verifyPatientMedicaidID" time="18.797" classname="com.denticon.automationSQA.patient.SearchPatient"/>
  <testcase name="verifyPatientSSN" time="5.916" classname="com.denticon.automationSQA.patient.SearchPatient"/>
  <testcase name="verifyPatientType" time="5.604" classname="com.denticon.automationSQA.patient.SearchPatient"/>
  <testcase name="verifyPatientWorkPhone" time="14.116" classname="com.denticon.automationSQA.patient.SearchPatient"/>
  <testcase name="verifyResponsiblePartyBirthDate" time="9.265" classname="com.denticon.automationSQA.patient.SearchPatient"/>
  <testcase name="verifyResponsiblePartyCellPhone" time="7.119" classname="com.denticon.automationSQA.patient.SearchPatient"/>
  <testcase name="verifyResponsiblePartyEmail" time="8.947" classname="com.denticon.automationSQA.patient.SearchPatient"/>
  <testcase name="verifyResponsiblePartyFirstName" time="8.718" classname="com.denticon.automationSQA.patient.SearchPatient"/>
  <testcase name="verifyResponsiblePartyHomePhone" time="8.035" classname="com.denticon.automationSQA.patient.SearchPatient"/>
  <testcase name="verifyResponsiblePartyID" time="4.908" classname="com.denticon.automationSQA.patient.SearchPatient"/>
  <testcase name="verifyResponsiblePartyLastName" time="8.783" classname="com.denticon.automationSQA.patient.SearchPatient"/>
  <testcase name="verifyResponsiblePartySSN" time="10.639" classname="com.denticon.automationSQA.patient.SearchPatient"/>
  <testcase name="verifyResponsiblePartyType" time="10.109" classname="com.denticon.automationSQA.patient.SearchPatient"/>
  <testcase name="verifyResponsiblePartyWorkPhone" time="8.855" classname="com.denticon.automationSQA.patient.SearchPatient"/>
  <testcase name="verifySearchPatientPage" time="6.807" classname="com.denticon.automationSQA.patient.SearchPatient"/>
</testsuite> <!-- Login -->
